# JRE version: Java(TM) SE Runtime Environment (8.0_144-b01) (build 1.8.0_144-b01)
# Java VM: Java HotSpot(TM) 64-Bit Server VM (25.144-b01 mixed mode linux-amd64 compressed oops)
Heap:
 PSYoungGen      total 32768K, used 14048K [0x00000000d7100000, 0x00000000d9a00000, 0x0000000100000000)
  eden space 23552K, 32% used [0x00000000d7100000,0x00000000d7892c00,0x00000000d8800000)
  from space 9216K, 68% used [0x00000000d8800000,0x00000000d8e25630,0x00000000d9100000)
  to   space 9216K, 0% used [0x00000000d9100000,0x00000000d9100000,0x00000000d9a00000)
 ParOldGen       total 84992K, used 20924K [0x0000000085200000, 0x000000008a500000, 0x00000000d7100000)
  object space 84992K, 24% used [0x0000000085200000,0x000000008666f2c8,0x000000008a500000)
 Metaspace       used 12638K, capacity 12928K, committed 13312K, reserved 1060864K
  class space    used 1333K, capacity 1429K, committed 1536K, reserved 1048576K
GC Heap History (10 events):
Event: 87.587 GC heap before
{Heap before GC invocations=17 (full 0):
 PSYoungGen      total 35840K, used 29549K [0x00000000d7100000, 0x00000000d9f00000, 0x0000000100000000)
  eden space 25600K, 99% used [0x00000000d7100000,0x00000000d89c5390,0x00000000d8a00000)
  from space 10240K, 40% used [0x00000000d9500000,0x00000000d9916420,0x00000000d9f00000)
  to   space 10752K, 0% used [0x00000000d8a00000,0x00000000d8a00000,0x00000000d9480000)
 ParOldGen       total 84992K, used 20844K [0x0000000085200000, 0x000000008a500000, 0x00000000d7100000)
  object space 84992K, 24% used [0x0000000085200000,0x000000008665b2c8,0x000000008a500000)
 Metaspace       used 12478K, capacity 12736K, committed 13056K, reserved 1060864K
  class space    used 1329K, capacity 1429K, committed 1536K, reserved 1048576K
Event: 87.591 GC heap after
Heap after GC invocations=17 (full 0):
 PSYoungGen      total 31744K, used 6293K [0x00000000d7100000, 0x00000000d9d80000, 0x0000000100000000)
  eden space 25088K, 0% used [0x00000000d7100000,0x00000000d7100000,0x00000000d8980000)
  from space 6656K, 94% used [0x00000000d8a00000,0x00000000d9025630,0x00000000d9080000)
  to   space 10240K, 0% used [0x00000000d9380000,0x00000000d9380000,0x00000000d9d80000)
 ParOldGen       total 84992K, used 20860K [0x0000000085200000, 0x000000008a500000, 0x00000000d7100000)
  object space 84992K, 24% used [0x0000000085200000,0x000000008665f2c8,0x000000008a500000)
 Metaspace       used 12478K, capacity 12736K, committed 13056K, reserved 1060864K
  class space    used 1329K, capacity 1429K, committed 1536K, reserved 1048576K
}
Event: 89.290 GC heap before
{Heap before GC invocations=18 (full 0):
 PSYoungGen      total 31744K, used 29664K [0x00000000d7100000, 0x00000000d9d80000, 0x0000000100000000)
  eden space 25088K, 93% used [0x00000000d7100000,0x00000000d87d2b50,0x00000000d8980000)
  from space 6656K, 94% used [0x00000000d8a00000,0x00000000d9025630,0x00000000d9080000)
  to   space 10240K, 0% used [0x00000000d9380000,0x00000000d9380000,0x00000000d9d80000)
 ParOldGen       total 84992K, used 20860K [0x0000000085200000, 0x000000008a500000, 0x00000000d7100000)
  object space 84992K, 24% used [0x0000000085200000,0x000000008665f2c8,0x000000008a500000)
 Metaspace       used 12486K, capacity 12736K, committed 13056K, reserved 1060864K
  class space    used 1329K, capacity 1429K, committed 1536K, reserved 1048576K
Event: 89.292 GC heap after
Heap after GC invocations=18 (full 0):
 PSYoungGen      total 34304K, used 6261K [0x00000000d7100000, 0x00000000d9d00000, 0x0000000100000000)
  eden space 24576K, 0% used [0x00000000d7100000,0x00000000d7100000,0x00000000d8900000)
  from space 9728K, 64% used [0x00000000d9380000,0x00000000d999d630,0x00000000d9d00000)
  to   space 10240K, 0% used [0x00000000d8900000,0x00000000d8900000,0x00000000d9300000)
 ParOldGen       total 84992K, used 20876K [0x0000000085200000, 0x000000008a500000, 0x00000000d7100000)
  object space 84992K, 24% used [0x0000000085200000,0x00000000866632c8,0x000000008a500000)
 Metaspace       used 12486K, capacity 12736K, committed 13056K, reserved 1060864K
  class space    used 1329K, capacity 1429K, committed 1536K, reserved 1048576K
}
Event: 90.995 GC heap before
{Heap before GC invocations=19 (full 0):
 PSYoungGen      total 34304K, used 29218K [0x00000000d7100000, 0x00000000d9d00000, 0x0000000100000000)
  eden space 24576K, 93% used [0x00000000d7100000,0x00000000d876b3a8,0x00000000d8900000)
  from space 9728K, 64% used [0x00000000d9380000,0x00000000d999d630,0x00000000d9d00000)
  to   space 10240K, 0% used [0x00000000d8900000,0x00000000d8900000,0x00000000d9300000)
 ParOldGen       total 84992K, used 20876K [0x0000000085200000, 0x000000008a500000, 0x00000000d7100000)
  object space 84992K, 24% used [0x0000000085200000,0x00000000866632c8,0x000000008a500000)
 Metaspace       used 12500K, capacity 12800K, committed 13056K, reserved 1060864K
  class space    used 1329K, capacity 1429K, committed 1536K, reserved 1048576K
Event: 90.999 GC heap after
Heap after GC invocations=19 (full 0):
 PSYoungGen      total 30720K, used 6261K [0x00000000d7100000, 0x00000000d9b80000, 0x0000000100000000)
  eden space 24064K, 0% used [0x00000000d7100000,0x00000000d7100000,0x00000000d8880000)
  from space 6656K, 94% used [0x00000000d8900000,0x00000000d8f1d630,0x00000000d8f80000)
  to   space 9728K, 0% used [0x00000000d9200000,0x00000000d9200000,0x00000000d9b80000)
 ParOldGen       total 84992K, used 20892K [0x0000000085200000, 0x000000008a500000, 0x00000000d7100000)
  object space 84992K, 24% used [0x0000000085200000,0x00000000866672c8,0x000000008a500000)
 Metaspace       used 12500K, capacity 12800K, committed 13056K, reserved 1060864K
  class space    used 1329K, capacity 1429K, committed 1536K, reserved 1048576K
}
Event: 92.200 GC heap before
{Heap before GC invocations=20 (full 0):
 PSYoungGen      total 30720K, used 29215K [0x00000000d7100000, 0x00000000d9b80000, 0x0000000100000000)
  eden space 24064K, 95% used [0x00000000d7100000,0x00000000d876a788,0x00000000d8880000)
  from space 6656K, 94% used [0x00000000d8900000,0x00000000d8f1d630,0x00000000d8f80000)
  to   space 9728K, 0% used [0x00000000d9200000,0x00000000d9200000,0x00000000d9b80000)
 ParOldGen       total 84992K, used 20892K [0x0000000085200000, 0x000000008a500000, 0x00000000d7100000)
  object space 84992K, 24% used [0x0000000085200000,0x00000000866672c8,0x000000008a500000)
 Metaspace       used 12514K, capacity 12800K, committed 13056K, reserved 1060864K
  class space    used 1329K, capacity 1429K, committed 1536K, reserved 1048576K
Event: 92.202 GC heap after
Heap after GC invocations=20 (full 0):
 PSYoungGen      total 31744K, used 6261K [0x00000000d7100000, 0x00000000d9a00000, 0x0000000100000000)
  eden space 23552K, 0% used [0x00000000d7100000,0x00000000d7100000,0x00000000d8800000)
  from space 8192K, 76% used [0x00000000d9200000,0x00000000d981d630,0x00000000d9a00000)
  to   space 9216K, 0% used [0x00000000d8800000,0x00000000d8800000,0x00000000d9100000)
 ParOldGen       total 84992K, used 20908K [0x0000000085200000, 0x000000008a500000, 0x00000000d7100000)
  object space 84992K, 24% used [0x0000000085200000,0x000000008666b2c8,0x000000008a500000)
 Metaspace       used 12514K, capacity 12800K, committed 13056K, reserved 1060864K
  class space    used 1329K, capacity 1429K, committed 1536K, reserved 1048576K
}
Event: 93.703 GC heap before
{Heap before GC invocations=21 (full 0):
 PSYoungGen      total 31744K, used 29220K [0x00000000d7100000, 0x00000000d9a00000, 0x0000000100000000)
  eden space 23552K, 97% used [0x00000000d7100000,0x00000000d876bb18,0x00000000d8800000)
  from space 8192K, 76% used [0x00000000d9200000,0x00000000d981d630,0x00000000d9a00000)
  to   space 9216K, 0% used [0x00000000d8800000,0x00000000d8800000,0x00000000d9100000)
 ParOldGen       total 84992K, used 20908K [0x0000000085200000, 0x000000008a500000, 0x00000000d7100000)
  object space 84992K, 24% used [0x0000000085200000,0x000000008666b2c8,0x000000008a500000)
 Metaspace       used 12551K, capacity 12800K, committed 13056K, reserved 1060864K
  class space    used 1329K, capacity 1429K, committed 1536K, reserved 1048576K
Event: 93.705 GC heap after
Heap after GC invocations=21 (full 0):
 PSYoungGen      total 32768K, used 6293K [0x00000000d7100000, 0x00000000d9a00000, 0x0000000100000000)
  eden space 23552K, 0% used [0x00000000d7100000,0x00000000d7100000,0x00000000d8800000)
  from space 9216K, 68% used [0x00000000d8800000,0x00000000d8e25630,0x00000000d9100000)
  to   space 9216K, 0% used [0x00000000d9100000,0x00000000d9100000,0x00000000d9a00000)
 ParOldGen       total 84992K, used 20924K [0x0000000085200000, 0x000000008a500000, 0x00000000d7100000)
  object space 84992K, 24% used [0x0000000085200000,0x000000008666f2c8,0x000000008a500000)
 Metaspace       used 12551K, capacity 12800K, committed 13056K, reserved 1060864K
  class space    used 1329K, capacity 1429K, committed 1536K, reserved 1048576K
}

